ParseStarterProject/build/intermediates/manifest_merge_blame_file/debug/manifest-merger-blame-debug-report.txt
1<?xml version="1.0" encoding="utf-8"?>
2<manifest xmlns:android="http://schemas.android.com/apk/res/android"
3    package="com.parse.starter"
4    android:versionCode="1"
5    android:versionName="1.0" >
6
7    <uses-sdk
8        android:minSdkVersion="27"
8-->src\main\AndroidManifest.xml
9        android:targetSdkVersion="27" />
9-->src\main\AndroidManifest.xml
10
11    <uses-permission android:name="android.permission.INTERNET" />
11-->src\main\AndroidManifest.xml:5:5-67
11-->src\main\AndroidManifest.xml:5:22-64
12    <uses-permission android:name="android.permission.ACCESS_NETWORK_STATE" />
12-->src\main\AndroidManifest.xml:6:5-79
12-->src\main\AndroidManifest.xml:6:22-76
13    <uses-permission android:name="android.permission.READ_EXTERNAL_STORAGE" />
13-->src\main\AndroidManifest.xml:7:5-80
13-->src\main\AndroidManifest.xml:7:22-77
14    <uses-permission android:name="android.permission.ACCESS_FINE_LOCATION" />
14-->src\main\AndroidManifest.xml:8:5-79
14-->src\main\AndroidManifest.xml:8:22-76
15
16    <!-- Optional permission for Analytics to run. -->
17    <uses-permission android:name="android.permission.WAKE_LOCK" /> <!-- Permissions required for GCM -->
17-->[com.google.android.gms:play-services-analytics:9.4.0] AndroidManifest.xml:25:5-67
17-->[com.google.android.gms:play-services-analytics:9.4.0] AndroidManifest.xml:25:22-65
18    <uses-permission android:name="com.google.android.c2dm.permission.RECEIVE" />
18-->[com.google.android.gms:play-services-gcm:9.4.0] AndroidManifest.xml:21:5-82
18-->[com.google.android.gms:play-services-gcm:9.4.0] AndroidManifest.xml:21:22-79
19
20    <uses-feature
20-->[com.google.android.gms:play-services-maps:9.4.0] AndroidManifest.xml:22:5-24:33
21        android:glEsVersion="0x00020000"
21-->[com.google.android.gms:play-services-maps:9.4.0] AndroidManifest.xml:23:8-40
22        android:required="true" />
22-->[com.google.android.gms:play-services-maps:9.4.0] AndroidManifest.xml:24:8-31
23
24    <permission
24-->[com.google.firebase:firebase-iid:9.4.0] AndroidManifest.xml:25:5-26:47
25        android:name="com.parse.starter.permission.C2D_MESSAGE"
25-->[com.google.firebase:firebase-iid:9.4.0] AndroidManifest.xml:25:17-71
26        android:protectionLevel="signature" />
26-->[com.google.firebase:firebase-iid:9.4.0] AndroidManifest.xml:26:9-44
27
28    <uses-permission android:name="com.parse.starter.permission.C2D_MESSAGE" />
28-->[com.google.firebase:firebase-iid:9.4.0] AndroidManifest.xml:28:5-79
28-->[com.google.firebase:firebase-iid:9.4.0] AndroidManifest.xml:28:22-76
29
30    <application
30-->src\main\AndroidManifest.xml:10:5-27:19
31        android:name="com.parse.starter.StarterApplication"
31-->src\main\AndroidManifest.xml:11:9-43
32        android:allowBackup="true"
32-->src\main\AndroidManifest.xml:12:9-35
33        android:debuggable="true"
34        android:extractNativeLibs="false"
35        android:icon="@mipmap/ic_launcher"
35-->src\main\AndroidManifest.xml:13:9-43
36        android:label="@string/app_name"
36-->src\main\AndroidManifest.xml:14:9-41
37        android:testOnly="true"
38        android:theme="@style/AppTheme" >
38-->src\main\AndroidManifest.xml:15:9-40
39        <activity android:name="com.parse.starter.FeedActivity" />
39-->src\main\AndroidManifest.xml:16:9-59
39-->src\main\AndroidManifest.xml:16:19-47
40        <activity android:name="com.parse.starter.UsersActivity" />
40-->src\main\AndroidManifest.xml:17:9-51
40-->src\main\AndroidManifest.xml:17:19-48
41        <activity
41-->src\main\AndroidManifest.xml:18:9-26:20
42            android:name="com.parse.starter.MainActivity"
42-->src\main\AndroidManifest.xml:19:13-41
43            android:label="@string/app_name" >
43-->src\main\AndroidManifest.xml:20:13-45
44            <intent-filter>
44-->src\main\AndroidManifest.xml:21:13-25:29
45                <action android:name="android.intent.action.MAIN" />
45-->src\main\AndroidManifest.xml:22:17-69
45-->src\main\AndroidManifest.xml:22:25-66
46
47                <category android:name="android.intent.category.LAUNCHER" />
47-->src\main\AndroidManifest.xml:24:17-77
47-->src\main\AndroidManifest.xml:24:27-74
48            </intent-filter>
49        </activity>
50
51        <receiver android:name="com.google.android.gms.cast.framework.media.MediaIntentReceiver" />
51-->[com.google.android.gms:play-services-cast-framework:9.4.0] AndroidManifest.xml:6:9-100
51-->[com.google.android.gms:play-services-cast-framework:9.4.0] AndroidManifest.xml:6:19-97
52
53        <service android:name="com.google.android.gms.cast.framework.media.MediaNotificationService" />
53-->[com.google.android.gms:play-services-cast-framework:9.4.0] AndroidManifest.xml:7:9-104
53-->[com.google.android.gms:play-services-cast-framework:9.4.0] AndroidManifest.xml:7:18-101
54        <service android:name="com.google.android.gms.cast.framework.ReconnectionService" /> <!-- Include the AdActivity and InAppPurchaseActivity configChanges and themes. -->
54-->[com.google.android.gms:play-services-cast-framework:9.4.0] AndroidManifest.xml:8:9-92
54-->[com.google.android.gms:play-services-cast-framework:9.4.0] AndroidManifest.xml:8:18-90
55        <activity
55-->[com.google.android.gms:play-services-ads-lite:9.4.0] AndroidManifest.xml:26:9-29:64
56            android:name="com.google.android.gms.ads.AdActivity"
56-->[com.google.android.gms:play-services-ads-lite:9.4.0] AndroidManifest.xml:27:13-65
57            android:configChanges="keyboard|keyboardHidden|orientation|screenLayout|uiMode|screenSize|smallestScreenSize"
57-->[com.google.android.gms:play-services-ads-lite:9.4.0] AndroidManifest.xml:28:13-122
58            android:theme="@android:style/Theme.Translucent" />
58-->[com.google.android.gms:play-services-ads-lite:9.4.0] AndroidManifest.xml:29:13-61
59        <activity
59-->[com.google.android.gms:play-services-ads-lite:9.4.0] AndroidManifest.xml:30:9-31:52
60            android:name="com.google.android.gms.ads.purchase.InAppPurchaseActivity"
60-->[com.google.android.gms:play-services-ads-lite:9.4.0] AndroidManifest.xml:30:19-91
61            android:theme="@style/Theme.IAPTheme" />
61-->[com.google.android.gms:play-services-ads-lite:9.4.0] AndroidManifest.xml:31:13-50
62        <activity
62-->[com.google.android.gms:play-services-appinvite:9.4.0] AndroidManifest.xml:21:9-29:20
63            android:name="com.google.android.gms.appinvite.PreviewActivity"
63-->[com.google.android.gms:play-services-appinvite:9.4.0] AndroidManifest.xml:22:17-48
64            android:exported="true"
64-->[com.google.android.gms:play-services-appinvite:9.4.0] AndroidManifest.xml:23:17-40
65            android:theme="@style/Theme.AppInvite.Preview" >
65-->[com.google.android.gms:play-services-appinvite:9.4.0] AndroidManifest.xml:24:17-63
66            <intent-filter>
66-->[com.google.android.gms:play-services-appinvite:9.4.0] AndroidManifest.xml:25:13-28:29
67                <action android:name="com.google.android.gms.appinvite.ACTION_PREVIEW" />
67-->[com.google.android.gms:play-services-appinvite:9.4.0] AndroidManifest.xml:26:17-89
67-->[com.google.android.gms:play-services-appinvite:9.4.0] AndroidManifest.xml:26:25-87
68
69                <category android:name="android.intent.category.DEFAULT" />
69-->[com.google.android.gms:play-services-appinvite:9.4.0] AndroidManifest.xml:27:17-75
69-->[com.google.android.gms:play-services-appinvite:9.4.0] AndroidManifest.xml:27:27-73
70            </intent-filter>
71        </activity>
72        <activity
72-->[com.google.android.gms:play-services-auth:9.4.0] AndroidManifest.xml:21:9-24:46
73            android:name="com.google.android.gms.auth.api.signin.internal.SignInHubActivity"
73-->[com.google.android.gms:play-services-auth:9.4.0] AndroidManifest.xml:21:19-68
74            android:excludeFromRecents="true"
74-->[com.google.android.gms:play-services-auth:9.4.0] AndroidManifest.xml:23:19-52
75            android:exported="false"
75-->[com.google.android.gms:play-services-auth:9.4.0] AndroidManifest.xml:24:19-43
76            android:theme="@android:style/Theme.Translucent.NoTitleBar" />
76-->[com.google.android.gms:play-services-auth:9.4.0] AndroidManifest.xml:22:19-78
77        <!--
78Service handling Google Sign-In user revocation. For apps that do not integrate with
79            Google Sign-In, this service will never be started.
80        -->
81        <service
81-->[com.google.android.gms:play-services-auth:9.4.0] AndroidManifest.xml:28:9-31:110
82            android:name="com.google.android.gms.auth.api.signin.RevocationBoundService"
82-->[com.google.android.gms:play-services-auth:9.4.0] AndroidManifest.xml:29:13-58
83            android:exported="true"
83-->[com.google.android.gms:play-services-auth:9.4.0] AndroidManifest.xml:30:13-36
84            android:permission="com.google.android.gms.auth.api.signin.permission.REVOCATION_NOTIFICATION" />
84-->[com.google.android.gms:play-services-auth:9.4.0] AndroidManifest.xml:31:13-107
85        <service
85-->[com.google.firebase:firebase-crash:9.4.0] AndroidManifest.xml:26:9-27:50
86            android:name="com.google.firebase.crash.internal.service.FirebaseCrashReceiverService"
86-->[com.google.firebase:firebase-crash:9.4.0] AndroidManifest.xml:26:18-79
87            android:process=":background_crash" />
87-->[com.google.firebase:firebase-crash:9.4.0] AndroidManifest.xml:27:13-48
88        <service
88-->[com.google.firebase:firebase-crash:9.4.0] AndroidManifest.xml:29:9-30:50
89            android:name="com.google.firebase.crash.internal.service.FirebaseCrashSenderService"
89-->[com.google.firebase:firebase-crash:9.4.0] AndroidManifest.xml:29:18-77
90            android:process=":background_crash" />
90-->[com.google.firebase:firebase-crash:9.4.0] AndroidManifest.xml:30:13-48
91
92        <activity
92-->[com.google.android.gms:play-services-base:9.4.0] AndroidManifest.xml:20:9-22:45
93            android:name="com.google.android.gms.common.api.GoogleApiActivity"
93-->[com.google.android.gms:play-services-base:9.4.0] AndroidManifest.xml:20:19-85
94            android:exported="false"
94-->[com.google.android.gms:play-services-base:9.4.0] AndroidManifest.xml:22:19-43
95            android:theme="@android:style/Theme.Translucent.NoTitleBar" />
95-->[com.google.android.gms:play-services-base:9.4.0] AndroidManifest.xml:21:19-78
96        <!--
97 FirebaseMessagingService performs security checks at runtime,
98             no need for explicit permissions despite exported="true"
99        -->
100        <service
100-->[com.google.firebase:firebase-messaging:9.4.0] AndroidManifest.xml:24:9-30:19
101            android:name="com.google.firebase.messaging.FirebaseMessagingService"
101-->[com.google.firebase:firebase-messaging:9.4.0] AndroidManifest.xml:25:13-82
102            android:exported="true" >
102-->[com.google.firebase:firebase-messaging:9.4.0] AndroidManifest.xml:26:13-36
103            <intent-filter android:priority="-500" >
103-->[com.google.firebase:firebase-messaging:9.4.0] AndroidManifest.xml:27:13-29:29
103-->[com.google.firebase:firebase-messaging:9.4.0] AndroidManifest.xml:27:28-51
104                <action android:name="com.google.firebase.MESSAGING_EVENT" />
104-->[com.google.firebase:firebase-messaging:9.4.0] AndroidManifest.xml:28:17-78
104-->[com.google.firebase:firebase-messaging:9.4.0] AndroidManifest.xml:28:25-75
105            </intent-filter>
106        </service>
107        <service
107-->[com.google.android.gms:play-services-tagmanager-api:9.4.0] AndroidManifest.xml:25:9-27:42
108            android:name="com.google.android.gms.tagmanager.TagManagerService"
108-->[com.google.android.gms:play-services-tagmanager-api:9.4.0] AndroidManifest.xml:25:18-84
109            android:enabled="true"
109-->[com.google.android.gms:play-services-tagmanager-api:9.4.0] AndroidManifest.xml:27:17-39
110            android:exported="false" />
110-->[com.google.android.gms:play-services-tagmanager-api:9.4.0] AndroidManifest.xml:26:17-41
111
112        <activity
112-->[com.google.android.gms:play-services-tagmanager-api:9.4.0] AndroidManifest.xml:28:9-37:20
113            android:name="com.google.android.gms.tagmanager.TagManagerPreviewActivity"
113-->[com.google.android.gms:play-services-tagmanager-api:9.4.0] AndroidManifest.xml:29:13-87
114            android:noHistory="true" > <!-- optional, removes the previewActivity from the activity stack. -->
114-->[com.google.android.gms:play-services-tagmanager-api:9.4.0] AndroidManifest.xml:30:13-37
115            <intent-filter>
115-->[com.google.android.gms:play-services-tagmanager-api:9.4.0] AndroidManifest.xml:31:13-36:29
116                <data android:scheme="tagmanager.c.com.parse.starter" />
116-->[com.google.android.gms:play-services-tagmanager-api:9.4.0] AndroidManifest.xml:32:17-72
116-->[com.google.android.gms:play-services-tagmanager-api:9.4.0] AndroidManifest.xml:32:23-69
117
118                <action android:name="android.intent.action.VIEW" />
118-->[com.google.android.gms:play-services-tagmanager-api:9.4.0] AndroidManifest.xml:33:17-69
118-->[com.google.android.gms:play-services-tagmanager-api:9.4.0] AndroidManifest.xml:33:25-66
119
120                <category android:name="android.intent.category.DEFAULT" />
120-->[com.google.android.gms:play-services-appinvite:9.4.0] AndroidManifest.xml:27:17-75
120-->[com.google.android.gms:play-services-appinvite:9.4.0] AndroidManifest.xml:27:27-73
121                <category android:name="android.intent.category.BROWSABLE" />
121-->[com.google.android.gms:play-services-tagmanager-api:9.4.0] AndroidManifest.xml:35:17-77
121-->[com.google.android.gms:play-services-tagmanager-api:9.4.0] AndroidManifest.xml:35:27-75
122            </intent-filter>
123        </activity>
124
125        <receiver
125-->[com.google.firebase:firebase-analytics:9.4.0] AndroidManifest.xml:28:7-34:18
126            android:name="com.google.android.gms.measurement.AppMeasurementReceiver"
126-->[com.google.firebase:firebase-analytics:9.4.0] AndroidManifest.xml:29:11-83
127            android:enabled="true" >
127-->[com.google.firebase:firebase-analytics:9.4.0] AndroidManifest.xml:30:11-33
128            <intent-filter>
128-->[com.google.firebase:firebase-analytics:9.4.0] AndroidManifest.xml:31:9-33:25
129                <action android:name="com.google.android.gms.measurement.UPLOAD" />
129-->[com.google.firebase:firebase-analytics:9.4.0] AndroidManifest.xml:32:11-77
129-->[com.google.firebase:firebase-analytics:9.4.0] AndroidManifest.xml:32:19-75
130            </intent-filter>
131        </receiver>
132
133        <service
133-->[com.google.firebase:firebase-analytics:9.4.0] AndroidManifest.xml:36:7-39:37
134            android:name="com.google.android.gms.measurement.AppMeasurementService"
134-->[com.google.firebase:firebase-analytics:9.4.0] AndroidManifest.xml:37:11-82
135            android:enabled="true"
135-->[com.google.firebase:firebase-analytics:9.4.0] AndroidManifest.xml:38:11-33
136            android:exported="false" />
136-->[com.google.firebase:firebase-analytics:9.4.0] AndroidManifest.xml:39:11-35
137
138        <receiver
138-->[com.google.firebase:firebase-iid:9.4.0] AndroidManifest.xml:32:9-41:20
139            android:name="com.google.firebase.iid.FirebaseInstanceIdReceiver"
139-->[com.google.firebase:firebase-iid:9.4.0] AndroidManifest.xml:33:13-78
140            android:exported="true"
140-->[com.google.firebase:firebase-iid:9.4.0] AndroidManifest.xml:34:13-36
141            android:permission="com.google.android.c2dm.permission.SEND" >
141-->[com.google.firebase:firebase-iid:9.4.0] AndroidManifest.xml:35:13-73
142            <intent-filter>
142-->[com.google.firebase:firebase-iid:9.4.0] AndroidManifest.xml:36:13-40:29
143                <action android:name="com.google.android.c2dm.intent.RECEIVE" />
143-->[com.google.firebase:firebase-iid:9.4.0] AndroidManifest.xml:37:17-81
143-->[com.google.firebase:firebase-iid:9.4.0] AndroidManifest.xml:37:25-78
144                <action android:name="com.google.android.c2dm.intent.REGISTRATION" />
144-->[com.google.firebase:firebase-iid:9.4.0] AndroidManifest.xml:38:17-86
144-->[com.google.firebase:firebase-iid:9.4.0] AndroidManifest.xml:38:25-83
145
146                <category android:name="com.parse.starter" />
146-->[com.google.firebase:firebase-iid:9.4.0] AndroidManifest.xml:39:17-61
146-->[com.google.firebase:firebase-iid:9.4.0] AndroidManifest.xml:39:27-58
147            </intent-filter>
148        </receiver>
149        <!--
150 Internal (not exported) receiver used by the app to start its own exported services
151             without risk of being spoofed.
152        -->
153        <receiver
153-->[com.google.firebase:firebase-iid:9.4.0] AndroidManifest.xml:45:9-47:40
154            android:name="com.google.firebase.iid.FirebaseInstanceIdInternalReceiver"
154-->[com.google.firebase:firebase-iid:9.4.0] AndroidManifest.xml:46:13-86
155            android:exported="false" />
155-->[com.google.firebase:firebase-iid:9.4.0] AndroidManifest.xml:47:13-37
156        <!--
157 FirebaseInstanceIdService performs security checks at runtime,
158             no need for explicit permissions despite exported="true"
159        -->
160        <service
160-->[com.google.firebase:firebase-iid:9.4.0] AndroidManifest.xml:51:9-57:19
161            android:name="com.google.firebase.iid.FirebaseInstanceIdService"
161-->[com.google.firebase:firebase-iid:9.4.0] AndroidManifest.xml:52:13-77
162            android:exported="true" >
162-->[com.google.firebase:firebase-iid:9.4.0] AndroidManifest.xml:53:13-36
163            <intent-filter android:priority="-500" >
163-->[com.google.firebase:firebase-iid:9.4.0] AndroidManifest.xml:54:13-56:29
163-->[com.google.firebase:firebase-iid:9.4.0] AndroidManifest.xml:54:28-51
164                <action android:name="com.google.firebase.INSTANCE_ID_EVENT" />
164-->[com.google.firebase:firebase-iid:9.4.0] AndroidManifest.xml:55:17-80
164-->[com.google.firebase:firebase-iid:9.4.0] AndroidManifest.xml:55:25-77
165            </intent-filter>
166        </service>
167
168        <provider
168-->[com.google.firebase:firebase-common:9.4.0] AndroidManifest.xml:7:9-11:39
169            android:name="com.google.firebase.provider.FirebaseInitProvider"
169-->[com.google.firebase:firebase-common:9.4.0] AndroidManifest.xml:9:13-58
170            android:authorities="com.parse.starter.firebaseinitprovider"
170-->[com.google.firebase:firebase-common:9.4.0] AndroidManifest.xml:8:13-72
171            android:exported="false"
171-->[com.google.firebase:firebase-common:9.4.0] AndroidManifest.xml:10:13-37
172            android:initOrder="100" />
172-->[com.google.firebase:firebase-common:9.4.0] AndroidManifest.xml:11:13-36
173
174        <meta-data
174-->[com.google.android.gms:play-services-basement:9.4.0] AndroidManifest.xml:21:9-23:69
175            android:name="com.google.android.gms.version"
175-->[com.google.android.gms:play-services-basement:9.4.0] AndroidManifest.xml:22:13-58
176            android:value="@integer/google_play_services_version" />
176-->[com.google.android.gms:play-services-basement:9.4.0] AndroidManifest.xml:23:13-66
177    </application>
178
179</manifest>